<?xml version="1.0" encoding="UTF-8"?>
<!-- Generated by org.testng.reporters.JUnitReportReporter -->
<testsuite hostname="STEPHEN" failures="0" tests="1" name="com.CRM.TestCases.LoginPageTest" time="0.820" errors="0" timestamp="2024-05-08T16:32:28 IST" skipped="0">
  <testcase classname="com.CRM.TestCases.LoginPageTest" name="validateLogin" time="0.820"/>
  <system-out/>
</testsuite> <!-- com.CRM.TestCases.LoginPageTest -->
