<?xml version="1.0" encoding="UTF-8"?>
<!-- Generated by org.testng.reporters.JUnitReportReporter -->
<testsuite hostname="STEPHEN" failures="0" tests="3" name="com.CRM.TestCases.HomePageTest" time="0.096" errors="0" timestamp="2024-05-08T18:09:49 IST" skipped="0">
  <testcase classname="com.CRM.TestCases.HomePageTest" name="validateURL" time="0.008"/>
  <system-out/>
  <testcase classname="com.CRM.TestCases.HomePageTest" name="validateTitle" time="0.009"/>
  <system-out/>
  <testcase classname="com.CRM.TestCases.HomePageTest" name="validateSignIn" time="0.079"/>
  <system-out/>
</testsuite> <!-- com.CRM.TestCases.HomePageTest -->
